[11:52:39] [main/INFO]: Environment: authHost='https://authserver.mojang.com', accountsHost='https://api.mojang.com', sessionHost='https://sessionserver.mojang.com', servicesHost='https://api.minecraftservices.com', name='PROD'
[11:52:40] [main/INFO]: Reloading ResourceManager: Default, bukkit
[11:52:40] [Worker-Main-11/INFO]: Loaded 7 recipes
[11:52:42] [Server thread/INFO]: Starting minecraft server version 1.16.5
[11:52:42] [Server thread/INFO]: Loading properties
[11:52:42] [Server thread/INFO]: This server is running CraftBukkit version 2991-Spigot-018b9a0-f3f3094 (MC: 1.16.5) (Implementing API version 1.16.5-R0.1-SNAPSHOT)
[11:52:42] [Server thread/INFO]: Debug logging is disabled
[11:52:42] [Server thread/INFO]: Using 4 threads for Netty based IO
[11:52:42] [Server thread/INFO]: Server Ping Player Sample Count: 12
[11:52:42] [Server thread/INFO]: Default game type: SURVIVAL
[11:52:42] [Server thread/INFO]: Generating keypair
[11:52:42] [Server thread/INFO]: Starting Minecraft server on 192.168.86.48:25565
[11:52:43] [Server thread/INFO]: Using default channel type
[11:52:44] [Server thread/INFO]: [ChestLock] Loading ChestLock v0.0.1
[11:52:44] [Server thread/INFO]: [SeePlayerInventory] Loading SeePlayerInventory v2.7.2
[11:52:44] [Server thread/INFO]: [AntiXray] Loading AntiXray v1.0
[11:52:44] [Server thread/INFO]: Preparing level "world"
[11:52:44] [Server thread/INFO]: -------- World Settings For [world] --------
[11:52:44] [Server thread/INFO]: Entity Tracking Range: Pl 48 / An 48 / Mo 48 / Mi 32 / Other 64
[11:52:44] [Server thread/INFO]: Allow Zombie Pigmen to spawn from portal blocks: true
[11:52:44] [Server thread/INFO]: Item Despawn Rate: 6000
[11:52:44] [Server thread/INFO]: Item Merge Radius: 2.5
[11:52:44] [Server thread/INFO]: View Distance: 10
[11:52:44] [Server thread/INFO]: Arrow Despawn Rate: 1200 Trident Respawn Rate:1200
[11:52:44] [Server thread/INFO]: Nerfing mobs spawned from spawners: false
[11:52:44] [Server thread/INFO]: Zombie Aggressive Towards Villager: true
[11:52:44] [Server thread/INFO]: Hopper Transfer: 8 Hopper Check: 1 Hopper Amount: 1
[11:52:44] [Server thread/INFO]: Experience Merge Radius: 3.0
[11:52:44] [Server thread/INFO]: Custom Map Seeds:  Village: 10387312 Desert: 14357617 Igloo: 14357618 Jungle: 14357619 Swamp: 14357620 Monument: 10387313 Ocean: 14357621 Shipwreck: 165745295 End City: 10387313 Slime: 987234911 Bastion: 30084232 Fortress: 30084232 Mansion: 10387319 Fossil: 14357921 Portal: 34222645
[11:52:44] [Server thread/INFO]: Entity Activation Range: An 32 / Mo 32 / Ra 48 / Mi 16 / Tiv true
[11:52:44] [Server thread/INFO]: Tile Max Tick Time: 50ms Entity max Tick Time: 50ms
[11:52:44] [Server thread/INFO]: Max TNT Explosions: 100
[11:52:44] [Server thread/INFO]: Mob Spawn Range: 6
[11:52:44] [Server thread/INFO]: Cactus Growth Modifier: 100%
[11:52:44] [Server thread/INFO]: Cane Growth Modifier: 100%
[11:52:44] [Server thread/INFO]: Melon Growth Modifier: 100%
[11:52:44] [Server thread/INFO]: Mushroom Growth Modifier: 100%
[11:52:44] [Server thread/INFO]: Pumpkin Growth Modifier: 100%
[11:52:44] [Server thread/INFO]: Sapling Growth Modifier: 100%
[11:52:44] [Server thread/INFO]: Beetroot Growth Modifier: 100%
[11:52:44] [Server thread/INFO]: Carrot Growth Modifier: 100%
[11:52:44] [Server thread/INFO]: Potato Growth Modifier: 100%
[11:52:44] [Server thread/INFO]: Wheat Growth Modifier: 100%
[11:52:44] [Server thread/INFO]: NetherWart Growth Modifier: 100%
[11:52:44] [Server thread/INFO]: Vine Growth Modifier: 100%
[11:52:44] [Server thread/INFO]: Cocoa Growth Modifier: 100%
[11:52:44] [Server thread/INFO]: Bamboo Growth Modifier: 100%
[11:52:44] [Server thread/INFO]: SweetBerry Growth Modifier: 100%
[11:52:44] [Server thread/INFO]: Kelp Growth Modifier: 100%
[11:52:44] [Server thread/INFO]: -------- World Settings For [world_nether] --------
[11:52:44] [Server thread/INFO]: Entity Tracking Range: Pl 48 / An 48 / Mo 48 / Mi 32 / Other 64
[11:52:44] [Server thread/INFO]: Allow Zombie Pigmen to spawn from portal blocks: true
[11:52:44] [Server thread/INFO]: Item Despawn Rate: 6000
[11:52:44] [Server thread/INFO]: Item Merge Radius: 2.5
[11:52:44] [Server thread/INFO]: View Distance: 10
[11:52:44] [Server thread/INFO]: Arrow Despawn Rate: 1200 Trident Respawn Rate:1200
[11:52:44] [Server thread/INFO]: Nerfing mobs spawned from spawners: false
[11:52:44] [Server thread/INFO]: Zombie Aggressive Towards Villager: true
[11:52:44] [Server thread/INFO]: Hopper Transfer: 8 Hopper Check: 1 Hopper Amount: 1
[11:52:44] [Server thread/INFO]: Experience Merge Radius: 3.0
[11:52:44] [Server thread/INFO]: Custom Map Seeds:  Village: 10387312 Desert: 14357617 Igloo: 14357618 Jungle: 14357619 Swamp: 14357620 Monument: 10387313 Ocean: 14357621 Shipwreck: 165745295 End City: 10387313 Slime: 987234911 Bastion: 30084232 Fortress: 30084232 Mansion: 10387319 Fossil: 14357921 Portal: 34222645
[11:52:44] [Server thread/INFO]: Entity Activation Range: An 32 / Mo 32 / Ra 48 / Mi 16 / Tiv true
[11:52:44] [Server thread/INFO]: Tile Max Tick Time: 50ms Entity max Tick Time: 50ms
[11:52:44] [Server thread/INFO]: Max TNT Explosions: 100
[11:52:44] [Server thread/INFO]: Mob Spawn Range: 6
[11:52:44] [Server thread/INFO]: Cactus Growth Modifier: 100%
[11:52:44] [Server thread/INFO]: Cane Growth Modifier: 100%
[11:52:44] [Server thread/INFO]: Melon Growth Modifier: 100%
[11:52:44] [Server thread/INFO]: Mushroom Growth Modifier: 100%
[11:52:44] [Server thread/INFO]: Pumpkin Growth Modifier: 100%
[11:52:44] [Server thread/INFO]: Sapling Growth Modifier: 100%
[11:52:44] [Server thread/INFO]: Beetroot Growth Modifier: 100%
[11:52:44] [Server thread/INFO]: Carrot Growth Modifier: 100%
[11:52:44] [Server thread/INFO]: Potato Growth Modifier: 100%
[11:52:44] [Server thread/INFO]: Wheat Growth Modifier: 100%
[11:52:44] [Server thread/INFO]: NetherWart Growth Modifier: 100%
[11:52:44] [Server thread/INFO]: Vine Growth Modifier: 100%
[11:52:44] [Server thread/INFO]: Cocoa Growth Modifier: 100%
[11:52:44] [Server thread/INFO]: Bamboo Growth Modifier: 100%
[11:52:44] [Server thread/INFO]: SweetBerry Growth Modifier: 100%
[11:52:44] [Server thread/INFO]: Kelp Growth Modifier: 100%
[11:52:44] [Server thread/INFO]: -------- World Settings For [world_the_end] --------
[11:52:44] [Server thread/INFO]: Entity Tracking Range: Pl 48 / An 48 / Mo 48 / Mi 32 / Other 64
[11:52:44] [Server thread/INFO]: Allow Zombie Pigmen to spawn from portal blocks: true
[11:52:44] [Server thread/INFO]: Item Despawn Rate: 6000
[11:52:44] [Server thread/INFO]: Item Merge Radius: 2.5
[11:52:44] [Server thread/INFO]: View Distance: 10
[11:52:44] [Server thread/INFO]: Arrow Despawn Rate: 1200 Trident Respawn Rate:1200
[11:52:44] [Server thread/INFO]: Nerfing mobs spawned from spawners: false
[11:52:44] [Server thread/INFO]: Zombie Aggressive Towards Villager: true
[11:52:44] [Server thread/INFO]: Hopper Transfer: 8 Hopper Check: 1 Hopper Amount: 1
[11:52:44] [Server thread/INFO]: Experience Merge Radius: 3.0
[11:52:44] [Server thread/INFO]: Custom Map Seeds:  Village: 10387312 Desert: 14357617 Igloo: 14357618 Jungle: 14357619 Swamp: 14357620 Monument: 10387313 Ocean: 14357621 Shipwreck: 165745295 End City: 10387313 Slime: 987234911 Bastion: 30084232 Fortress: 30084232 Mansion: 10387319 Fossil: 14357921 Portal: 34222645
[11:52:44] [Server thread/INFO]: Entity Activation Range: An 32 / Mo 32 / Ra 48 / Mi 16 / Tiv true
[11:52:44] [Server thread/INFO]: Tile Max Tick Time: 50ms Entity max Tick Time: 50ms
[11:52:44] [Server thread/INFO]: Max TNT Explosions: 100
[11:52:44] [Server thread/INFO]: Mob Spawn Range: 6
[11:52:44] [Server thread/INFO]: Cactus Growth Modifier: 100%
[11:52:44] [Server thread/INFO]: Cane Growth Modifier: 100%
[11:52:44] [Server thread/INFO]: Melon Growth Modifier: 100%
[11:52:44] [Server thread/INFO]: Mushroom Growth Modifier: 100%
[11:52:44] [Server thread/INFO]: Pumpkin Growth Modifier: 100%
[11:52:44] [Server thread/INFO]: Sapling Growth Modifier: 100%
[11:52:44] [Server thread/INFO]: Beetroot Growth Modifier: 100%
[11:52:44] [Server thread/INFO]: Carrot Growth Modifier: 100%
[11:52:44] [Server thread/INFO]: Potato Growth Modifier: 100%
[11:52:44] [Server thread/INFO]: Wheat Growth Modifier: 100%
[11:52:44] [Server thread/INFO]: NetherWart Growth Modifier: 100%
[11:52:44] [Server thread/INFO]: Vine Growth Modifier: 100%
[11:52:44] [Server thread/INFO]: Cocoa Growth Modifier: 100%
[11:52:44] [Server thread/INFO]: Bamboo Growth Modifier: 100%
[11:52:44] [Server thread/INFO]: SweetBerry Growth Modifier: 100%
[11:52:44] [Server thread/INFO]: Kelp Growth Modifier: 100%
[11:52:44] [Server thread/INFO]: Preparing start region for dimension minecraft:overworld
[11:52:46] [Server thread/INFO]: Preparing spawn area: 0%
[11:52:46] [Server thread/INFO]: Preparing spawn area: 0%
[11:52:46] [Server thread/INFO]: Preparing spawn area: 0%
[11:52:46] [Server thread/INFO]: Preparing spawn area: 41%
[11:52:50] [Worker-Main-9/INFO]: Preparing spawn area: 83%
[11:52:50] [Worker-Main-13/INFO]: Preparing spawn area: 83%
[11:52:50] [Worker-Main-10/INFO]: Preparing spawn area: 83%
[11:52:50] [Worker-Main-10/INFO]: Preparing spawn area: 83%
[11:52:50] [Worker-Main-10/INFO]: Preparing spawn area: 83%
[11:52:50] [Worker-Main-8/INFO]: Preparing spawn area: 83%
[11:52:50] [Worker-Main-14/INFO]: Preparing spawn area: 83%
[11:52:50] [Worker-Main-14/INFO]: Preparing spawn area: 83%
[11:52:50] [Worker-Main-15/INFO]: Preparing spawn area: 95%
[11:52:51] [Worker-Main-14/INFO]: Preparing spawn area: 95%
[11:52:51] [Worker-Main-12/INFO]: Preparing spawn area: 95%
[11:52:52] [Server thread/INFO]: Preparing spawn area: 98%
[11:52:52] [Server thread/INFO]: Time elapsed: 7646 ms
[11:52:52] [Server thread/INFO]: Preparing start region for dimension minecraft:the_nether
[11:52:53] [Server thread/INFO]: Preparing spawn area: 0%
[11:52:53] [Server thread/INFO]: Preparing spawn area: 0%
[11:52:53] [Worker-Main-12/INFO]: Preparing spawn area: 1%
[11:52:54] [Worker-Main-10/INFO]: Preparing spawn area: 83%
[11:52:54] [Worker-Main-12/INFO]: Preparing spawn area: 83%
[11:52:55] [Worker-Main-9/INFO]: Preparing spawn area: 83%
[11:52:55] [Worker-Main-15/INFO]: Preparing spawn area: 83%
[11:52:56] [Worker-Main-15/INFO]: Preparing spawn area: 83%
[11:52:56] [Worker-Main-14/INFO]: Preparing spawn area: 84%
[11:52:57] [Worker-Main-10/INFO]: Preparing spawn area: 87%
[11:52:57] [Worker-Main-9/INFO]: Preparing spawn area: 90%
[11:52:58] [Worker-Main-15/INFO]: Preparing spawn area: 92%
[11:52:58] [Worker-Main-8/INFO]: Preparing spawn area: 96%
[11:52:59] [Worker-Main-13/INFO]: Preparing spawn area: 99%
[11:52:59] [Server thread/INFO]: Time elapsed: 6510 ms
[11:52:59] [Server thread/INFO]: Preparing start region for dimension minecraft:the_end
[11:52:59] [Server thread/INFO]: Preparing spawn area: 0%
[11:52:59] [Worker-Main-13/INFO]: Preparing spawn area: 83%
[11:53:00] [Worker-Main-14/INFO]: Preparing spawn area: 85%
[11:53:00] [Server thread/INFO]: Time elapsed: 1405 ms
[11:53:00] [Server thread/INFO]: [ChestLock] Enabling ChestLock v0.0.1
[11:53:00] [Server thread/INFO]: [SeePlayerInventory] Enabling SeePlayerInventory v2.7.2
[11:53:00] [Server thread/INFO]: [36m[SeePlayerInventory] [32mSeePlayerInventory Enabled.[0m
[11:53:00] [Server thread/INFO]: [36m[SeePlayerInventory] [32mPlugin by [33m[peti446][0m
[11:53:00] [Server thread/INFO]: [36m[SeePlayerInventory] [32mVersion: [33m2.7.2[0m
[11:53:00] [Server thread/INFO]: [36m[SeePlayerInventory] [32mChecking for updates.............[0m
[11:53:00] [Server thread/INFO]: [36m[SeePlayerInventory] [32mChecking for updates................[0m
[11:53:00] [Server thread/INFO]: [AntiXray] Enabling AntiXray v1.0
[11:53:01] [Server thread/INFO]: Server permissions file permissions.yml is empty, ignoring it
[11:53:01] [Server thread/INFO]: Done (16.410s)! For help, type "help"
[11:53:01] [Server thread/INFO]: Starting remote control listener
[11:53:01] [Server thread/INFO]: Thread RCON Listener started
[11:53:01] [Server thread/INFO]: RCON running on 192.168.86.48:25566
[11:56:56] [RCON Listener #1/INFO]: Thread RCON Client /192.168.86.50 started
[11:56:56] [RCON Client /192.168.86.50 #2/INFO]: Thread RCON Client /192.168.86.50 shutting down
[11:56:56] [RCON Listener #1/INFO]: Thread RCON Client /192.168.86.50 started
[11:56:56] [RCON Client /192.168.86.50 #3/INFO]: Thread RCON Client /192.168.86.50 shutting down
